#
# There is insufficient memory for the Java Runtime Environment to continue.
# Native memory allocation (mmap) failed to map 94896128 bytes for committing reserved memory.
# Possible reasons:
#   The system is out of physical RAM or swap space
#   In 32 bit mode, the process size limit was hit
# Possible solutions:
#   Reduce memory load on the system
#   Increase physical memory or swap space
#   Check if swap backing store is full
#   Use 64 bit Java on a 64 bit OS
#   Decrease Java heap size (-Xmx/-Xms)
#   Decrease number of Java threads
#   Decrease Java thread stack sizes (-Xss)
#   Set larger code cache with -XX:ReservedCodeCacheSize=
# This output file may be truncated or incomplete.
#
#  Out of Memory Error (os_linux.cpp:2718), pid=5358, tid=140070128547584
#
# JRE version:  (8.0_05-b13) (build )
# Java VM: Java HotSpot(TM) 64-Bit Server VM (25.5-b02 mixed mode linux-amd64 compressed oops)
# Failed to write core dump. Core dumps have been disabled. To enable core dumping, try "ulimit -c unlimited" before starting Java again
#

---------------  T H R E A D  ---------------

Current thread (0x00007f649800a800):  JavaThread "Unknown thread" [_thread_in_vm, id=5363, stack(0x00007f649e317000,0x00007f649e418000)]

Stack: [0x00007f649e317000,0x00007f649e418000],  sp=0x00007f649e4163f0,  free space=1020k
Native frames: (J=compiled Java code, j=interpreted, Vv=VM code, C=native code)
V  [libjvm.so+0xa2f43a]  VMError::report_and_die()+0x2ca
V  [libjvm.so+0x4b2d5b]  report_vm_out_of_memory(char const*, int, unsigned long, VMErrorType, char const*)+0x8b
V  [libjvm.so+0x89e443]  os::Linux::commit_memory_impl(char*, unsigned long, bool)+0x103
V  [libjvm.so+0x89e999]  os::pd_commit_memory(char*, unsigned long, unsigned long, bool)+0x29
V  [libjvm.so+0x89863a]  os::commit_memory(char*, unsigned long, unsigned long, bool)+0x2a
V  [libjvm.so+0x909243]  PSVirtualSpace::expand_by(unsigned long)+0x53
V  [libjvm.so+0x8f9819]  PSOldGen::initialize(ReservedSpace, unsigned long, char const*, int)+0xb9
V  [libjvm.so+0x2a5016]  AdjoiningGenerations::AdjoiningGenerations(ReservedSpace, GenerationSizer*, unsigned long)+0x3a6
V  [libjvm.so+0x8bf5ce]  ParallelScavengeHeap::initialize()+0x1ae
V  [libjvm.so+0x9fd783]  Universe::initialize_heap()+0xe3
V  [libjvm.so+0x9fdbc4]  universe_init()+0x64
V  [libjvm.so+0x5d45c5]  init_globals()+0x65
V  [libjvm.so+0x9e44ad]  Threads::create_vm(JavaVMInitArgs*, bool*)+0x24d
V  [libjvm.so+0x6659f4]  JNI_CreateJavaVM+0x74
C  [libjli.so+0x703e]  JavaMain+0x9e


---------------  P R O C E S S  ---------------

Java Threads: ( => current thread )

Other Threads:

=>0x00007f649800a800 (exited) JavaThread "Unknown thread" [_thread_in_vm, id=5363, stack(0x00007f649e317000,0x00007f649e418000)]

VM state:not at safepoint (not fully initialized)

VM Mutex/Monitor currently owned by a thread: None

GC Heap History (0 events):
No events

Deoptimization events (0 events):
No events

Internal exceptions (0 events):
No events

Events (0 events):
No events


Dynamic libraries:
00400000-00401000 r-xp 00000000 08:02 11667665                           /usr/lib/jvm/jdk1.8.0_05/bin/java
00600000-00601000 rw-p 00000000 08:02 11667665                           /usr/lib/jvm/jdk1.8.0_05/bin/java
00976000-00997000 rw-p 00000000 00:00 0                                  [heap]
c5a80000-eab00000 ---p 00000000 00:00 0 
eab00000-eac80000 rw-p 00000000 00:00 0 
eac80000-100000000 ---p 00000000 00:00 0 
7f6487c3a000-7f6487dbb000 rw-p 00000000 00:00 0 
7f6487dbb000-7f6487f10000 ---p 00000000 00:00 0 
7f6487f10000-7f6487f12000 rw-p 00000000 00:00 0 
7f6487f12000-7f6487fbb000 ---p 00000000 00:00 0 
7f6487fbb000-7f6487fc6000 rw-p 00000000 00:00 0 
7f6487fc6000-7f648837c000 ---p 00000000 00:00 0 
7f648837c000-7f64885ec000 rwxp 00000000 00:00 0 
7f64885ec000-7f649737c000 ---p 00000000 00:00 0 
7f649737c000-7f6497398000 r-xp 00000000 08:02 12852933                   /usr/lib/jvm/jdk1.8.0_05/jre/lib/amd64/libzip.so
7f6497398000-7f6497597000 ---p 0001c000 08:02 12852933                   /usr/lib/jvm/jdk1.8.0_05/jre/lib/amd64/libzip.so
7f6497597000-7f6497598000 rw-p 0001b000 08:02 12852933                   /usr/lib/jvm/jdk1.8.0_05/jre/lib/amd64/libzip.so
7f6497598000-7f64975a3000 r-xp 00000000 08:02 6433812                    /lib/x86_64-linux-gnu/libnss_files-2.19.so
7f64975a3000-7f64977a2000 ---p 0000b000 08:02 6433812                    /lib/x86_64-linux-gnu/libnss_files-2.19.so
7f64977a2000-7f64977a3000 r--p 0000a000 08:02 6433812                    /lib/x86_64-linux-gnu/libnss_files-2.19.so
7f64977a3000-7f64977a4000 rw-p 0000b000 08:02 6433812                    /lib/x86_64-linux-gnu/libnss_files-2.19.so
7f64977a4000-7f64977af000 r-xp 00000000 08:02 6433833                    /lib/x86_64-linux-gnu/libnss_nis-2.19.so
7f64977af000-7f64979ae000 ---p 0000b000 08:02 6433833                    /lib/x86_64-linux-gnu/libnss_nis-2.19.so
7f64979ae000-7f64979af000 r--p 0000a000 08:02 6433833                    /lib/x86_64-linux-gnu/libnss_nis-2.19.so
7f64979af000-7f64979b0000 rw-p 0000b000 08:02 6433833                    /lib/x86_64-linux-gnu/libnss_nis-2.19.so
7f64979b0000-7f64979c7000 r-xp 00000000 08:02 6433822                    /lib/x86_64-linux-gnu/libnsl-2.19.so
7f64979c7000-7f6497bc6000 ---p 00017000 08:02 6433822                    /lib/x86_64-linux-gnu/libnsl-2.19.so
7f6497bc6000-7f6497bc7000 r--p 00016000 08:02 6433822                    /lib/x86_64-linux-gnu/libnsl-2.19.so
7f6497bc7000-7f6497bc8000 rw-p 00017000 08:02 6433822                    /lib/x86_64-linux-gnu/libnsl-2.19.so
7f6497bc8000-7f6497bca000 rw-p 00000000 00:00 0 
7f6497bca000-7f6497bd3000 r-xp 00000000 08:02 6433821                    /lib/x86_64-linux-gnu/libnss_compat-2.19.so
7f6497bd3000-7f6497dd2000 ---p 00009000 08:02 6433821                    /lib/x86_64-linux-gnu/libnss_compat-2.19.so
7f6497dd2000-7f6497dd3000 r--p 00008000 08:02 6433821                    /lib/x86_64-linux-gnu/libnss_compat-2.19.so
7f6497dd3000-7f6497dd4000 rw-p 00009000 08:02 6433821                    /lib/x86_64-linux-gnu/libnss_compat-2.19.so
7f6497dd4000-7f6497dfe000 r-xp 00000000 08:02 12852904                   /usr/lib/jvm/jdk1.8.0_05/jre/lib/amd64/libjava.so
7f6497dfe000-7f6497ffe000 ---p 0002a000 08:02 12852904                   /usr/lib/jvm/jdk1.8.0_05/jre/lib/amd64/libjava.so
7f6497ffe000-7f6498000000 rw-p 0002a000 08:02 12852904                   /usr/lib/jvm/jdk1.8.0_05/jre/lib/amd64/libjava.so
7f6498000000-7f6498026000 rw-p 00000000 00:00 0 
7f6498026000-7f649c000000 ---p 00000000 00:00 0 
7f649c0f4000-7f649c1db000 rw-p 00000000 00:00 0 
7f649c1db000-7f649c1e8000 r-xp 00000000 08:02 12852915                   /usr/lib/jvm/jdk1.8.0_05/jre/lib/amd64/libverify.so
7f649c1e8000-7f649c3e8000 ---p 0000d000 08:02 12852915                   /usr/lib/jvm/jdk1.8.0_05/jre/lib/amd64/libverify.so
7f649c3e8000-7f649c3ea000 rw-p 0000d000 08:02 12852915                   /usr/lib/jvm/jdk1.8.0_05/jre/lib/amd64/libverify.so
7f649c3ea000-7f649c3f1000 r-xp 00000000 08:02 6433830                    /lib/x86_64-linux-gnu/librt-2.19.so
7f649c3f1000-7f649c5f0000 ---p 00007000 08:02 6433830                    /lib/x86_64-linux-gnu/librt-2.19.so
7f649c5f0000-7f649c5f1000 r--p 00006000 08:02 6433830                    /lib/x86_64-linux-gnu/librt-2.19.so
7f649c5f1000-7f649c5f2000 rw-p 00007000 08:02 6433830                    /lib/x86_64-linux-gnu/librt-2.19.so
7f649c5f2000-7f649c6f7000 r-xp 00000000 08:02 6426604                    /lib/x86_64-linux-gnu/libm-2.19.so
7f649c6f7000-7f649c8f6000 ---p 00105000 08:02 6426604                    /lib/x86_64-linux-gnu/libm-2.19.so
7f649c8f6000-7f649c8f7000 r--p 00104000 08:02 6426604                    /lib/x86_64-linux-gnu/libm-2.19.so
7f649c8f7000-7f649c8f8000 rw-p 00105000 08:02 6426604                    /lib/x86_64-linux-gnu/libm-2.19.so
7f649c8f8000-7f649d512000 r-xp 00000000 08:02 12852923                   /usr/lib/jvm/jdk1.8.0_05/jre/lib/amd64/server/libjvm.so
7f649d512000-7f649d711000 ---p 00c1a000 08:02 12852923                   /usr/lib/jvm/jdk1.8.0_05/jre/lib/amd64/server/libjvm.so
7f649d711000-7f649d7da000 rw-p 00c19000 08:02 12852923                   /usr/lib/jvm/jdk1.8.0_05/jre/lib/amd64/server/libjvm.so
7f649d7da000-7f649d81b000 rw-p 00000000 00:00 0 
7f649d81b000-7f649d9d6000 r-xp 00000000 08:02 6433827                    /lib/x86_64-linux-gnu/libc-2.19.so
7f649d9d6000-7f649dbd5000 ---p 001bb000 08:02 6433827                    /lib/x86_64-linux-gnu/libc-2.19.so
7f649dbd5000-7f649dbd9000 r--p 001ba000 08:02 6433827                    /lib/x86_64-linux-gnu/libc-2.19.so
7f649dbd9000-7f649dbdb000 rw-p 001be000 08:02 6433827                    /lib/x86_64-linux-gnu/libc-2.19.so
7f649dbdb000-7f649dbe0000 rw-p 00000000 00:00 0 
7f649dbe0000-7f649dbe3000 r-xp 00000000 08:02 6433816                    /lib/x86_64-linux-gnu/libdl-2.19.so
7f649dbe3000-7f649dde2000 ---p 00003000 08:02 6433816                    /lib/x86_64-linux-gnu/libdl-2.19.so
7f649dde2000-7f649dde3000 r--p 00002000 08:02 6433816                    /lib/x86_64-linux-gnu/libdl-2.19.so
7f649dde3000-7f649dde4000 rw-p 00003000 08:02 6433816                    /lib/x86_64-linux-gnu/libdl-2.19.so
7f649dde4000-7f649ddfb000 r-xp 00000000 08:02 12853555                   /usr/lib/jvm/jdk1.8.0_05/lib/amd64/jli/libjli.so
7f649ddfb000-7f649dffa000 ---p 00017000 08:02 12853555                   /usr/lib/jvm/jdk1.8.0_05/lib/amd64/jli/libjli.so
7f649dffa000-7f649dffb000 rw-p 00016000 08:02 12853555                   /usr/lib/jvm/jdk1.8.0_05/lib/amd64/jli/libjli.so
7f649dffb000-7f649e014000 r-xp 00000000 08:02 6433828                    /lib/x86_64-linux-gnu/libpthread-2.19.so
7f649e014000-7f649e213000 ---p 00019000 08:02 6433828                    /lib/x86_64-linux-gnu/libpthread-2.19.so
7f649e213000-7f649e214000 r--p 00018000 08:02 6433828                    /lib/x86_64-linux-gnu/libpthread-2.19.so
7f649e214000-7f649e215000 rw-p 00019000 08:02 6433828                    /lib/x86_64-linux-gnu/libpthread-2.19.so
7f649e215000-7f649e219000 rw-p 00000000 00:00 0 
7f649e219000-7f649e23c000 r-xp 00000000 08:02 6433824                    /lib/x86_64-linux-gnu/ld-2.19.so
7f649e317000-7f649e31a000 ---p 00000000 00:00 0 
7f649e31a000-7f649e41c000 rw-p 00000000 00:00 0                          [stack:5363]
7f649e42d000-7f649e42f000 rw-p 00000000 00:00 0 
7f649e42f000-7f649e437000 rw-s 00000000 08:02 6301241                    /tmp/hsperfdata_jimbo/5358
7f649e437000-7f649e438000 rw-p 00000000 00:00 0 
7f649e438000-7f649e439000 r--p 00000000 00:00 0 
7f649e439000-7f649e43b000 rw-p 00000000 00:00 0 
7f649e43b000-7f649e43c000 r--p 00022000 08:02 6433824                    /lib/x86_64-linux-gnu/ld-2.19.so
7f649e43c000-7f649e43d000 rw-p 00023000 08:02 6433824                    /lib/x86_64-linux-gnu/ld-2.19.so
7f649e43d000-7f649e43e000 rw-p 00000000 00:00 0 
7ffced2cc000-7ffced2ed000 rw-p 00000000 00:00 0                          [stack]
7ffced396000-7ffced398000 r-xp 00000000 00:00 0                          [vdso]
ffffffffff600000-ffffffffff601000 r-xp 00000000 00:00 0                  [vsyscall]

VM Arguments:
jvm_args: -Xmx1024M -Dfile.encoding=UTF-8 -Duser.country=GB -Duser.language=en -Duser.variant 
java_command: com.android.dx.command.Main --dex --num-threads=4 --output /home/jimbo/workspace/popularMovies/popular_movies/PopularMovies/app/build/intermediates/dex/debug /home/jimbo/workspace/popularMovies/popular_movies/PopularMovies/app/build/intermediates/classes/debug /home/jimbo/workspace/popularMovies/popular_movies/PopularMovies/app/build/intermediates/pre-dexed/debug/support-annotations-23.0.1-cfadd2d00992f445c24a2740af1f818d70a64eeb.jar /home/jimbo/workspace/popularMovies/popular_movies/PopularMovies/app/build/intermediates/pre-dexed/debug/picasso-2.5.2-3cce0971c7c7a3dfdeab500cff91fe72e9ace32b.jar /home/jimbo/workspace/popularMovies/popular_movies/PopularMovies/app/build/intermediates/pre-dexed/debug/gson-2.3.1-78eee57db73c0fee28cb2e3d35a59563e03f2191.jar /home/jimbo/workspace/popularMovies/popular_movies/PopularMovies/app/build/intermediates/pre-dexed/debug/internal_impl-23.0.1-6d9493f0e8946c415199a0acd759a28c50acd236.jar /home/jimbo/workspace/popularMovies/popular_movies/PopularMovies/app/build/intermediates/pre-dexed/debug/classes-b55033a01fa28381496ff4e13a5eb1c1637140e8.jar /home/jimbo/workspace/popularMovies/popular_movies/PopularMovies/app/build/intermediates/pre-dexed/debug/classes-38739b83ef6e3526b20667cd0ed074c523e0e461.jar
java_class_path (initial): /opt/android-sdk-linux/build-tools/23.0.1/lib/dx.jar
Launcher Type: SUN_STANDARD

Environment Variables:
PATH=/usr/local/sbin:/usr/local/bin:/usr/sbin:/usr/bin:/sbin:/bin:/usr/games:/usr/local/games
LD_LIBRARY_PATH=/opt/android-studio/bin:
SHELL=/bin/bash
DISPLAY=:0

Signal Handlers:
SIGSEGV: [libjvm.so+0xa2fc90], sa_mask[0]=0x7ffbfeff, sa_flags=0x10000004
SIGBUS: [libjvm.so+0xa2fc90], sa_mask[0]=0x7ffbfeff, sa_flags=0x10000004
SIGFPE: [libjvm.so+0x89b4b0], sa_mask[0]=0x7ffbfeff, sa_flags=0x10000004
SIGPIPE: [libjvm.so+0x89b4b0], sa_mask[0]=0x7ffbfeff, sa_flags=0x10000004
SIGXFSZ: [libjvm.so+0x89b4b0], sa_mask[0]=0x7ffbfeff, sa_flags=0x10000004
SIGILL: [libjvm.so+0x89b4b0], sa_mask[0]=0x7ffbfeff, sa_flags=0x10000004
SIGUSR1: SIG_DFL, sa_mask[0]=0x00000000, sa_flags=0x00000000
SIGUSR2: [libjvm.so+0x89cc50], sa_mask[0]=0x00000004, sa_flags=0x10000004
SIGHUP: SIG_DFL, sa_mask[0]=0x00000000, sa_flags=0x00000000
SIGINT: SIG_DFL, sa_mask[0]=0x00000000, sa_flags=0x00000000
SIGTERM: SIG_DFL, sa_mask[0]=0x00000000, sa_flags=0x00000000
SIGQUIT: SIG_DFL, sa_mask[0]=0x00000000, sa_flags=0x00000000


---------------  S Y S T E M  ---------------

OS:DISTRIB_ID=Ubuntu
DISTRIB_RELEASE=14.04
DISTRIB_CODENAME=trusty
DISTRIB_DESCRIPTION="Ubuntu 14.04.3 LTS"

uname:Linux 3.13.0-65-generic #105-Ubuntu SMP Mon Sep 21 18:50:58 UTC 2015 x86_64
libc:glibc 2.19 NPTL 2.19 
rlimit: STACK 8192k, CORE 0k, NPROC 45201, NOFILE 4096, AS infinity
load average:1.29 2.16 2.66

/proc/meminfo:
MemTotal:        5995616 kB
MemFree:          129348 kB
Buffers:            3128 kB
Cached:          1625752 kB
SwapCached:            0 kB
Active:          4322604 kB
Inactive:        1342704 kB
Active(anon):    4304072 kB
Inactive(anon):  1328012 kB
Active(file):      18532 kB
Inactive(file):    14692 kB
Unevictable:          84 kB
Mlocked:              84 kB
SwapTotal:             0 kB
SwapFree:              0 kB
Dirty:                 0 kB
Writeback:             0 kB
AnonPages:       4036784 kB
Mapped:           410932 kB
Shmem:           1595456 kB
Slab:              74364 kB
SReclaimable:      33268 kB
SUnreclaim:        41096 kB
KernelStack:        4840 kB
PageTables:        41620 kB
NFS_Unstable:          0 kB
Bounce:                0 kB
WritebackTmp:          0 kB
CommitLimit:     2997808 kB
Committed_AS:   10076212 kB
VmallocTotal:   34359738367 kB
VmallocUsed:      411308 kB
VmallocChunk:   34359321596 kB
HardwareCorrupted:     0 kB
AnonHugePages:   1484800 kB
HugePages_Total:       0
HugePages_Free:        0
HugePages_Rsvd:        0
HugePages_Surp:        0
Hugepagesize:       2048 kB
DirectMap4k:       96212 kB
DirectMap2M:     6078464 kB


CPU:total 4 (2 cores per cpu, 2 threads per core) family 6 model 58 stepping 9, cmov, cx8, fxsr, mmx, sse, sse2, sse3, ssse3, sse4.1, sse4.2, popcnt, avx, aes, clmul, erms, ht, tsc, tscinvbit

/proc/cpuinfo:
processor	: 0
vendor_id	: GenuineIntel
cpu family	: 6
model		: 58
model name	: Intel(R) Core(TM) i7-3517U CPU @ 1.90GHz
stepping	: 9
microcode	: 0x15
cpu MHz		: 1900.000
cache size	: 4096 KB
physical id	: 0
siblings	: 4
core id		: 0
cpu cores	: 2
apicid		: 0
initial apicid	: 0
fpu		: yes
fpu_exception	: yes
cpuid level	: 13
wp		: yes
flags		: fpu vme de pse tsc msr pae mce cx8 apic sep mtrr pge mca cmov pat pse36 clflush dts acpi mmx fxsr sse sse2 ss ht tm pbe syscall nx rdtscp lm constant_tsc arch_perfmon pebs bts rep_good nopl xtopology nonstop_tsc aperfmperf eagerfpu pni pclmulqdq dtes64 monitor ds_cpl vmx est tm2 ssse3 cx16 xtpr pdcm pcid sse4_1 sse4_2 x2apic popcnt tsc_deadline_timer aes xsave avx f16c rdrand lahf_lm ida arat epb xsaveopt pln pts dtherm tpr_shadow vnmi flexpriority ept vpid fsgsbase smep erms
bogomips	: 4789.14
clflush size	: 64
cache_alignment	: 64
address sizes	: 36 bits physical, 48 bits virtual
power management:

processor	: 1
vendor_id	: GenuineIntel
cpu family	: 6
model		: 58
model name	: Intel(R) Core(TM) i7-3517U CPU @ 1.90GHz
stepping	: 9
microcode	: 0x15
cpu MHz		: 1100.000
cache size	: 4096 KB
physical id	: 0
siblings	: 4
core id		: 1
cpu cores	: 2
apicid		: 2
initial apicid	: 2
fpu		: yes
fpu_exception	: yes
cpuid level	: 13
wp		: yes
flags		: fpu vme de pse tsc msr pae mce cx8 apic sep mtrr pge mca cmov pat pse36 clflush dts acpi mmx fxsr sse sse2 ss ht tm pbe syscall nx rdtscp lm constant_tsc arch_perfmon pebs bts rep_good nopl xtopology nonstop_tsc aperfmperf eagerfpu pni pclmulqdq dtes64 monitor ds_cpl vmx est tm2 ssse3 cx16 xtpr pdcm pcid sse4_1 sse4_2 x2apic popcnt tsc_deadline_timer aes xsave avx f16c rdrand lahf_lm ida arat epb xsaveopt pln pts dtherm tpr_shadow vnmi flexpriority ept vpid fsgsbase smep erms
bogomips	: 4789.14
clflush size	: 64
cache_alignment	: 64
address sizes	: 36 bits physical, 48 bits virtual
power management:

processor	: 2
vendor_id	: GenuineIntel
cpu family	: 6
model		: 58
model name	: Intel(R) Core(TM) i7-3517U CPU @ 1.90GHz
stepping	: 9
microcode	: 0x15
cpu MHz		: 1900.000
cache size	: 4096 KB
physical id	: 0
siblings	: 4
core id		: 0
cpu cores	: 2
apicid		: 1
initial apicid	: 1
fpu		: yes
fpu_exception	: yes
cpuid level	: 13
wp		: yes
flags		: fpu vme de pse tsc msr pae mce cx8 apic sep mtrr pge mca cmov pat pse36 clflush dts acpi mmx fxsr sse sse2 ss ht tm pbe syscall nx rdtscp lm constant_tsc arch_perfmon pebs bts rep_good nopl xtopology nonstop_tsc aperfmperf eagerfpu pni pclmulqdq dtes64 monitor ds_cpl vmx est tm2 ssse3 cx16 xtpr pdcm pcid sse4_1 sse4_2 x2apic popcnt tsc_deadline_timer aes xsave avx f16c rdrand lahf_lm ida arat epb xsaveopt pln pts dtherm tpr_shadow vnmi flexpriority ept vpid fsgsbase smep erms
bogomips	: 4789.14
clflush size	: 64
cache_alignment	: 64
address sizes	: 36 bits physical, 48 bits virtual
power management:

processor	: 3
vendor_id	: GenuineIntel
cpu family	: 6
model		: 58
model name	: Intel(R) Core(TM) i7-3517U CPU @ 1.90GHz
stepping	: 9
microcode	: 0x15
cpu MHz		: 1900.000
cache size	: 4096 KB
physical id	: 0
siblings	: 4
core id		: 1
cpu cores	: 2
apicid		: 3
initial apicid	: 3
fpu		: yes
fpu_exception	: yes
cpuid level	: 13
wp		: yes
flags		: fpu vme de pse tsc msr pae mce cx8 apic sep mtrr pge mca cmov pat pse36 clflush dts acpi mmx fxsr sse sse2 ss ht tm pbe syscall nx rdtscp lm constant_tsc arch_perfmon pebs bts rep_good nopl xtopology nonstop_tsc aperfmperf eagerfpu pni pclmulqdq dtes64 monitor ds_cpl vmx est tm2 ssse3 cx16 xtpr pdcm pcid sse4_1 sse4_2 x2apic popcnt tsc_deadline_timer aes xsave avx f16c rdrand lahf_lm ida arat epb xsaveopt pln pts dtherm tpr_shadow vnmi flexpriority ept vpid fsgsbase smep erms
bogomips	: 4789.14
clflush size	: 64
cache_alignment	: 64
address sizes	: 36 bits physical, 48 bits virtual
power management:



Memory: 4k page, physical 5995616k(129348k free), swap 0k(0k free)

vm_info: Java HotSpot(TM) 64-Bit Server VM (25.5-b02) for linux-amd64 JRE (1.8.0_05-b13), built on Mar 18 2014 00:29:27 by "java_re" with gcc 4.3.0 20080428 (Red Hat 4.3.0-8)

time: Mon Oct  5 20:12:55 2015
elapsed time: 0 seconds

